0 info it worked if it ends with ok
1 verbose cli [ '/home/colby/.nvm/versions/node/v6.2.1/bin/node',
1 verbose cli   '/home/colby/.nvm/versions/node/v6.2.1/bin/npm',
1 verbose cli   'start' ]
2 info using npm@3.9.3
3 info using node@v6.2.1
4 verbose run-script [ 'prestart', 'start', 'poststart' ]
5 info lifecycle spacebreakers@0.0.1~prestart: spacebreakers@0.0.1
6 silly lifecycle spacebreakers@0.0.1~prestart: no script for prestart, continuing
7 info lifecycle spacebreakers@0.0.1~start: spacebreakers@0.0.1
8 verbose lifecycle spacebreakers@0.0.1~start: unsafe-perm in lifecycle true
9 verbose lifecycle spacebreakers@0.0.1~start: PATH: /home/colby/.nvm/versions/node/v6.2.1/lib/node_modules/npm/bin/node-gyp-bin:/home/colby/workspace/game-starter/node_modules/.bin:/home/colby/.nvm/versions/node/v6.2.1/bin:/home/colby/.nvm/versions/node/v6.2.1/bin:/usr/local/sbin:/usr/local/bin:/usr/bin:/usr/bin/site_perl:/usr/bin/vendor_perl:/usr/bin/core_perl
10 verbose lifecycle spacebreakers@0.0.1~start: CWD: /home/colby/workspace/game-starter
11 silly lifecycle spacebreakers@0.0.1~start: Args: [ '-c', 'babel-node app.js' ]
12 info lifecycle spacebreakers@0.0.1~start: Failed to exec start script
13 verbose stack Error: spacebreakers@0.0.1 start: `babel-node app.js`
13 verbose stack spawn ENOENT
13 verbose stack     at ChildProcess.<anonymous> (/home/colby/.nvm/versions/node/v6.2.1/lib/node_modules/npm/lib/utils/spawn.js:17:16)
13 verbose stack     at emitTwo (events.js:106:13)
13 verbose stack     at ChildProcess.emit (events.js:191:7)
13 verbose stack     at maybeClose (internal/child_process.js:852:16)
13 verbose stack     at Process.ChildProcess._handle.onexit (internal/child_process.js:215:5)
14 verbose pkgid spacebreakers@0.0.1
15 verbose cwd /home/colby/workspace/game-starter
16 error Linux 4.6.2-1-ARCH
17 error argv "/home/colby/.nvm/versions/node/v6.2.1/bin/node" "/home/colby/.nvm/versions/node/v6.2.1/bin/npm" "start"
18 error node v6.2.1
19 error npm  v3.9.3
20 error file sh
21 error code ELIFECYCLE
22 error errno ENOENT
23 error syscall spawn
24 error spacebreakers@0.0.1 start: `babel-node app.js`
24 error spawn ENOENT
25 error Failed at the spacebreakers@0.0.1 start script 'babel-node app.js'.
25 error Make sure you have the latest version of node.js and npm installed.
25 error If you do, this is most likely a problem with the spacebreakers package,
25 error not with npm itself.
25 error Tell the author that this fails on your system:
25 error     babel-node app.js
25 error You can get information on how to open an issue for this project with:
25 error     npm bugs spacebreakers
25 error Or if that isn't available, you can get their info via:
25 error     npm owner ls spacebreakers
25 error There is likely additional logging output above.
26 verbose exit [ 1, true ]
